30.00    0.00  95.00  7.362890e-02
30.00    0.00  100.00  8.609450e-02
30.00    0.00  105.00  9.246280e-02
30.00    0.00  110.00  9.488270e-02
30.00    0.00  115.00  9.570400e-02
30.00    0.00  120.00  9.658550e-02
30.00    0.00  125.00  9.887450e-02
30.00    0.00  130.00  1.047610e-01
30.00    0.00  135.00  1.210090e-01
30.00    0.00  140.00  1.765890e-01
30.00    0.00  145.00  4.769810e-01
30.00    0.00  150.00  3.210000e+00
30.00    0.00  155.00  4.435990e-01
30.00    0.00  160.00  1.528440e-01
30.00    0.00  165.00  9.779030e-02
30.00    0.00  170.00  7.918960e-02
30.00    0.00  175.00  7.004490e-02
30.00    0.00  180.00  6.431980e-02
30.00   45.00  95.00  6.696880e-02
30.00   45.00  100.00  7.789300e-02
30.00   45.00  105.00  8.302540e-02
30.00   45.00  110.00  8.424130e-02
30.00   45.00  115.00  8.368270e-02
30.00   45.00  120.00  8.260060e-02
30.00   45.00  125.00  8.158440e-02
30.00   45.00  130.00  8.086650e-02
30.00   45.00  135.00  8.065780e-02
30.00   45.00  140.00  8.099310e-02
30.00   45.00  145.00  8.168130e-02
30.00   45.00  150.00  8.236700e-02
30.00   45.00  155.00  8.214800e-02
30.00   45.00  160.00  8.016960e-02
30.00   45.00  165.00  7.649840e-02
30.00   45.00  170.00  7.216900e-02
30.00   45.00  175.00  6.799110e-02
30.00   45.00  180.00  6.432280e-02
30.00   90.00  95.00  5.939130e-02
30.00   90.00  100.00  6.831630e-02
30.00   90.00  105.00  7.160930e-02
30.00   90.00  110.00  7.144100e-02
30.00   90.00  115.00  6.980580e-02
30.00   90.00  120.00  6.781040e-02
30.00   90.00  125.00  6.595270e-02
30.00   90.00  130.00  6.441380e-02
30.00   90.00  135.00  6.323660e-02
30.00   90.00  140.00  6.247750e-02
30.00   90.00  145.00  6.203610e-02
30.00   90.00  150.00  6.195240e-02
30.00   90.00  155.00  6.213390e-02
30.00   90.00  160.00  6.256030e-02
30.00   90.00  165.00  6.311930e-02
30.00   90.00  170.00  6.371030e-02
30.00   90.00  175.00  6.414360e-02
30.00   90.00  180.00  6.432040e-02
30.00  135.00  95.00  5.943150e-02
30.00  135.00  100.00  6.726040e-02
30.00  135.00  105.00  6.929730e-02
30.00  135.00  110.00  6.778520e-02
30.00  135.00  115.00  6.495150e-02
30.00  135.00  120.00  6.199540e-02
30.00  135.00  125.00  5.941400e-02
30.00  135.00  130.00  5.732200e-02
30.00  135.00  135.00  5.575550e-02
30.00  135.00  140.00  5.475650e-02
30.00  135.00  145.00  5.426930e-02
30.00  135.00  150.00  5.428030e-02
30.00  135.00  155.00  5.475720e-02
30.00  135.00  160.00  5.568220e-02
30.00  135.00  165.00  5.705400e-02
30.00  135.00  170.00  5.890640e-02
30.00  135.00  175.00  6.130440e-02
30.00  135.00  180.00  6.432260e-02
30.00  180.00  95.00  6.130590e-02
30.00  180.00  100.00  6.889530e-02
30.00  180.00  105.00  7.043450e-02
30.00  180.00  110.00  6.826380e-02
30.00  180.00  115.00  6.484640e-02
30.00  180.00  120.00  6.133190e-02
30.00  180.00  125.00  5.825590e-02
30.00  180.00  130.00  5.579570e-02
30.00  180.00  135.00  5.398030e-02
30.00  180.00  140.00  5.277090e-02
30.00  180.00  145.00  5.216490e-02
30.00  180.00  150.00  5.210170e-02
30.00  180.00  155.00  5.260630e-02
30.00  180.00  160.00  5.363780e-02
30.00  180.00  165.00  5.519630e-02
30.00  180.00  170.00  5.738030e-02
30.00  180.00  175.00  6.031380e-02
30.00  180.00  180.00  6.432570e-02
