30.00    0.00   0.00  5.793680e-02
30.00    0.00   5.00  5.654620e-02
30.00    0.00  10.00  5.541750e-02
30.00    0.00  15.00  5.456540e-02
30.00    0.00  20.00  5.402620e-02
30.00    0.00  25.00  5.387120e-02
30.00    0.00  30.00  5.416880e-02
30.00    0.00  35.00  5.495210e-02
30.00    0.00  40.00  5.638780e-02
30.00    0.00  45.00  5.853110e-02
30.00    0.00  50.00  6.156780e-02
30.00    0.00  55.00  6.565420e-02
30.00    0.00  60.00  7.099470e-02
30.00    0.00  65.00  7.778200e-02
30.00    0.00  70.00  8.615910e-02
30.00    0.00  75.00  9.592060e-02
30.00    0.00  80.00  1.059250e-01
30.00    0.00  85.00  1.130150e-01
30.00   45.00   0.00  5.793960e-02
30.00   45.00   5.00  5.697420e-02
30.00   45.00  10.00  5.620960e-02
30.00   45.00  15.00  5.565970e-02
30.00   45.00  20.00  5.539190e-02
30.00   45.00  25.00  5.542850e-02
30.00   45.00  30.00  5.583880e-02
30.00   45.00  35.00  5.668320e-02
30.00   45.00  40.00  5.805970e-02
30.00   45.00  45.00  6.005780e-02
30.00   45.00  50.00  6.279080e-02
30.00   45.00  55.00  6.648270e-02
30.00   45.00  60.00  7.124830e-02
30.00   45.00  65.00  7.728790e-02
30.00   45.00  70.00  8.468780e-02
30.00   45.00  75.00  9.325430e-02
30.00   45.00  80.00  1.018530e-01
30.00   45.00  85.00  1.073190e-01
30.00   90.00   0.00  5.793820e-02
30.00   90.00   5.00  5.801430e-02
30.00   90.00  10.00  5.823180e-02
30.00   90.00  15.00  5.861060e-02
30.00   90.00  20.00  5.916250e-02
30.00   90.00  25.00  5.993930e-02
30.00   90.00  30.00  6.093730e-02
30.00   90.00  35.00  6.224990e-02
30.00   90.00  40.00  6.392760e-02
30.00   90.00  45.00  6.604810e-02
30.00   90.00  50.00  6.872330e-02
30.00   90.00  55.00  7.209630e-02
30.00   90.00  60.00  7.624240e-02
30.00   90.00  65.00  8.136190e-02
30.00   90.00  70.00  8.742590e-02
30.00   90.00  75.00  9.419730e-02
30.00   90.00  80.00  1.004710e-01
30.00   90.00  85.00  1.032280e-01
30.00  135.00   0.00  5.794530e-02
30.00  135.00   5.00  5.910650e-02
30.00  135.00  10.00  6.042810e-02
30.00  135.00  15.00  6.191220e-02
30.00  135.00  20.00  6.358760e-02
30.00  135.00  25.00  6.541460e-02
30.00  135.00  30.00  6.747780e-02
30.00  135.00  35.00  6.980790e-02
30.00  135.00  40.00  7.241170e-02
30.00  135.00  45.00  7.538840e-02
30.00  135.00  50.00  7.879440e-02
30.00  135.00  55.00  8.278180e-02
30.00  135.00  60.00  8.739060e-02
30.00  135.00  65.00  9.279240e-02
30.00  135.00  70.00  9.888990e-02
30.00  135.00  75.00  1.053410e-01
30.00  135.00  80.00  1.108550e-01
30.00  135.00  85.00  1.122390e-01
30.00  180.00   0.00  5.792740e-02
30.00  180.00   5.00  5.954950e-02
30.00  180.00  10.00  6.137920e-02
30.00  180.00  15.00  6.338660e-02
30.00  180.00  20.00  6.561750e-02
30.00  180.00  25.00  6.811560e-02
30.00  180.00  30.00  7.085390e-02
30.00  180.00  35.00  7.363940e-02
30.00  180.00  40.00  7.670410e-02
30.00  180.00  45.00  8.024330e-02
30.00  180.00  50.00  8.421750e-02
30.00  180.00  55.00  8.870200e-02
30.00  180.00  60.00  9.383820e-02
30.00  180.00  65.00  9.965520e-02
30.00  180.00  70.00  1.061670e-01
30.00  180.00  75.00  1.129060e-01
30.00  180.00  80.00  1.185470e-01
30.00  180.00  85.00  1.197030e-01
