30.00    0.00   0.00  6.211590e-03
30.00    0.00   5.00  6.075350e-03
30.00    0.00  10.00  5.981450e-03
30.00    0.00  15.00  5.936270e-03
30.00    0.00  20.00  5.936930e-03
30.00    0.00  25.00  5.998800e-03
30.00    0.00  30.00  6.130670e-03
30.00    0.00  35.00  6.348600e-03
30.00    0.00  40.00  6.680300e-03
30.00    0.00  45.00  7.153390e-03
30.00    0.00  50.00  7.831110e-03
30.00    0.00  55.00  8.778560e-03
30.00    0.00  60.00  1.014160e-02
30.00    0.00  65.00  1.211590e-02
30.00    0.00  70.00  1.512440e-02
30.00    0.00  75.00  2.003080e-02
30.00    0.00  80.00  2.887780e-02
30.00    0.00  85.00  4.713760e-02
30.00    0.00  95.00  8.766730e-02
30.00    0.00  100.00  9.680070e-02
30.00    0.00  105.00  9.885570e-02
30.00    0.00  110.00  9.757220e-02
30.00    0.00  115.00  9.547040e-02
30.00    0.00  120.00  9.392970e-02
30.00    0.00  125.00  9.376580e-02
30.00    0.00  130.00  9.668210e-02
30.00    0.00  135.00  1.075240e-01
30.00    0.00  140.00  1.481220e-01
30.00    0.00  145.00  3.744870e-01
30.00    0.00  150.00  2.458730e+00
30.00    0.00  155.00  3.468120e-01
30.00    0.00  160.00  1.270940e-01
30.00    0.00  165.00  8.552820e-02
30.00    0.00  170.00  7.132430e-02
30.00    0.00  175.00  6.415990e-02
30.00    0.00  180.00  5.960530e-02
30.00   45.00   0.00  6.207400e-03
30.00   45.00   5.00  6.117480e-03
30.00   45.00  10.00  6.059260e-03
30.00   45.00  15.00  6.044340e-03
30.00   45.00  20.00  6.068280e-03
30.00   45.00  25.00  6.152750e-03
30.00   45.00  30.00  6.295790e-03
30.00   45.00  35.00  6.511560e-03
30.00   45.00  40.00  6.832990e-03
30.00   45.00  45.00  7.286610e-03
30.00   45.00  50.00  7.915330e-03
30.00   45.00  55.00  8.812260e-03
30.00   45.00  60.00  1.006820e-02
30.00   45.00  65.00  1.188970e-02
30.00   45.00  70.00  1.467110e-02
30.00   45.00  75.00  1.917460e-02
30.00   45.00  80.00  2.727830e-02
30.00   45.00  85.00  4.394210e-02
30.00   45.00  95.00  8.091820e-02
30.00   45.00  100.00  8.872220e-02
30.00   45.00  105.00  8.990330e-02
30.00   45.00  110.00  8.782600e-02
30.00   45.00  115.00  8.487270e-02
30.00   45.00  120.00  8.199300e-02
30.00   45.00  125.00  7.956610e-02
30.00   45.00  130.00  7.769330e-02
30.00   45.00  135.00  7.642450e-02
30.00   45.00  140.00  7.574660e-02
30.00   45.00  145.00  7.549260e-02
30.00   45.00  150.00  7.529920e-02
30.00   45.00  155.00  7.459260e-02
30.00   45.00  160.00  7.263680e-02
30.00   45.00  165.00  6.951410e-02
30.00   45.00  170.00  6.594030e-02
30.00   45.00  175.00  6.256690e-02
30.00   45.00  180.00  5.961690e-02
30.00   90.00   0.00  6.209280e-03
30.00   90.00   5.00  6.220720e-03
30.00   90.00  10.00  6.268620e-03
30.00   90.00  15.00  6.339270e-03
30.00   90.00  20.00  6.448360e-03
30.00   90.00  25.00  6.594940e-03
30.00   90.00  30.00  6.796340e-03
30.00   90.00  35.00  7.066610e-03
30.00   90.00  40.00  7.421010e-03
30.00   90.00  45.00  7.888470e-03
30.00   90.00  50.00  8.512430e-03
30.00   90.00  55.00  9.358410e-03
30.00   90.00  60.00  1.051900e-02
30.00   90.00  65.00  1.218910e-02
30.00   90.00  70.00  1.470920e-02
30.00   90.00  75.00  1.874970e-02
30.00   90.00  80.00  2.599140e-02
30.00   90.00  85.00  4.079930e-02
30.00   90.00  95.00  7.320580e-02
30.00   90.00  100.00  7.897220e-02
30.00   90.00  105.00  7.858640e-02
30.00   90.00  110.00  7.549220e-02
30.00   90.00  115.00  7.179570e-02
30.00   90.00  120.00  6.839600e-02
30.00   90.00  125.00  6.552030e-02
30.00   90.00  130.00  6.323590e-02
30.00   90.00  135.00  6.146630e-02
30.00   90.00  140.00  6.020410e-02
30.00   90.00  145.00  5.933470e-02
30.00   90.00  150.00  5.884150e-02
30.00   90.00  155.00  5.867740e-02
30.00   90.00  160.00  5.872270e-02
30.00   90.00  165.00  5.896250e-02
30.00   90.00  170.00  5.927020e-02
30.00   90.00  175.00  5.951530e-02
30.00   90.00  180.00  5.962550e-02
30.00  135.00   0.00  6.211420e-03
30.00  135.00   5.00  6.337410e-03
30.00  135.00  10.00  6.487610e-03
30.00  135.00  15.00  6.672210e-03
30.00  135.00  20.00  6.903390e-03
30.00  135.00  25.00  7.164880e-03
30.00  135.00  30.00  7.482200e-03
30.00  135.00  35.00  7.854760e-03
30.00  135.00  40.00  8.314380e-03
30.00  135.00  45.00  8.885860e-03
30.00  135.00  50.00  9.606620e-03
30.00  135.00  55.00  1.054520e-02
30.00  135.00  60.00  1.180530e-02
30.00  135.00  65.00  1.355890e-02
30.00  135.00  70.00  1.616160e-02
30.00  135.00  75.00  2.030010e-02
30.00  135.00  80.00  2.761370e-02
30.00  135.00  85.00  4.250130e-02
30.00  135.00  95.00  7.396790e-02
30.00  135.00  100.00  7.848770e-02
30.00  135.00  105.00  7.656930e-02
30.00  135.00  110.00  7.204710e-02
30.00  135.00  115.00  6.721620e-02
30.00  135.00  120.00  6.290150e-02
30.00  135.00  125.00  5.937640e-02
30.00  135.00  130.00  5.663700e-02
30.00  135.00  135.00  5.460030e-02
30.00  135.00  140.00  5.321320e-02
30.00  135.00  145.00  5.238810e-02
30.00  135.00  150.00  5.208960e-02
30.00  135.00  155.00  5.226270e-02
30.00  135.00  160.00  5.286290e-02
30.00  135.00  165.00  5.386650e-02
30.00  135.00  170.00  5.530800e-02
30.00  135.00  175.00  5.720310e-02
30.00  135.00  180.00  5.962060e-02
30.00  180.00   0.00  6.208590e-03
30.00  180.00   5.00  6.381520e-03
30.00  180.00  10.00  6.587940e-03
30.00  180.00  15.00  6.829020e-03
30.00  180.00  20.00  7.117730e-03
30.00  180.00  25.00  7.481540e-03
30.00  180.00  30.00  7.909270e-03
30.00  180.00  35.00  8.305900e-03
30.00  180.00  40.00  8.796000e-03
30.00  180.00  45.00  9.424900e-03
30.00  180.00  50.00  1.022050e-02
30.00  180.00  55.00  1.123860e-02
30.00  180.00  60.00  1.257620e-02
30.00  180.00  65.00  1.444060e-02
30.00  180.00  70.00  1.715840e-02
30.00  180.00  75.00  2.145790e-02
30.00  180.00  80.00  2.905650e-02
30.00  180.00  85.00  4.440860e-02
30.00  180.00  95.00  7.645460e-02
30.00  180.00  100.00  8.058910e-02
30.00  180.00  105.00  7.800080e-02
30.00  180.00  110.00  7.274440e-02
30.00  180.00  115.00  6.721030e-02
30.00  180.00  120.00  6.231700e-02
30.00  180.00  125.00  5.833930e-02
30.00  180.00  130.00  5.521750e-02
30.00  180.00  135.00  5.293270e-02
30.00  180.00  140.00  5.137080e-02
30.00  180.00  145.00  5.044850e-02
30.00  180.00  150.00  5.011070e-02
30.00  180.00  155.00  5.034610e-02
30.00  180.00  160.00  5.105190e-02
30.00  180.00  165.00  5.227140e-02
30.00  180.00  170.00  5.401510e-02
30.00  180.00  175.00  5.639900e-02
30.00  180.00  180.00  5.961280e-02
