60.00    0.00   0.00  3.707380e-02
60.00    0.00   5.00  3.617770e-02
60.00    0.00  10.00  3.560940e-02
60.00    0.00  15.00  3.539250e-02
60.00    0.00  20.00  3.553420e-02
60.00    0.00  25.00  3.608730e-02
60.00    0.00  30.00  3.706100e-02
60.00    0.00  35.00  3.848590e-02
60.00    0.00  40.00  4.039800e-02
60.00    0.00  45.00  4.283520e-02
60.00    0.00  50.00  4.583150e-02
60.00    0.00  55.00  4.936420e-02
60.00    0.00  60.00  5.340600e-02
60.00    0.00  65.00  5.778910e-02
60.00    0.00  70.00  6.213070e-02
60.00    0.00  75.00  6.538150e-02
60.00    0.00  80.00  6.520440e-02
60.00    0.00  85.00  5.651060e-02
60.00   45.00   0.00  3.707530e-02
60.00   45.00   5.00  3.644120e-02
60.00   45.00  10.00  3.606080e-02
60.00   45.00  15.00  3.592990e-02
60.00   45.00  20.00  3.607230e-02
60.00   45.00  25.00  3.651760e-02
60.00   45.00  30.00  3.727420e-02
60.00   45.00  35.00  3.838030e-02
60.00   45.00  40.00  3.985750e-02
60.00   45.00  45.00  4.173130e-02
60.00   45.00  50.00  4.403700e-02
60.00   45.00  55.00  4.675380e-02
60.00   45.00  60.00  4.983170e-02
60.00   45.00  65.00  5.313740e-02
60.00   45.00  70.00  5.626540e-02
60.00   45.00  75.00  5.829190e-02
60.00   45.00  80.00  5.715470e-02
60.00   45.00  85.00  4.844880e-02
60.00   90.00   0.00  3.707490e-02
60.00   90.00   5.00  3.714700e-02
60.00   90.00  10.00  3.737540e-02
60.00   90.00  15.00  3.774740e-02
60.00   90.00  20.00  3.827880e-02
60.00   90.00  25.00  3.897690e-02
60.00   90.00  30.00  3.986740e-02
60.00   90.00  35.00  4.093970e-02
60.00   90.00  40.00  4.221740e-02
60.00   90.00  45.00  4.371070e-02
60.00   90.00  50.00  4.542860e-02
60.00   90.00  55.00  4.734250e-02
60.00   90.00  60.00  4.940050e-02
60.00   90.00  65.00  5.143430e-02
60.00   90.00  70.00  5.304200e-02
60.00   90.00  75.00  5.339950e-02
60.00   90.00  80.00  5.063980e-02
60.00   90.00  85.00  4.107660e-02
60.00  135.00   0.00  3.707930e-02
60.00  135.00   5.00  3.792960e-02
60.00  135.00  10.00  3.900360e-02
60.00  135.00  15.00  4.028210e-02
60.00  135.00  20.00  4.177550e-02
60.00  135.00  25.00  4.347000e-02
60.00  135.00  30.00  4.535970e-02
60.00  135.00  35.00  4.745680e-02
60.00  135.00  40.00  4.975130e-02
60.00  135.00  45.00  5.224300e-02
60.00  135.00  50.00  5.491570e-02
60.00  135.00  55.00  5.772290e-02
60.00  135.00  60.00  6.056810e-02
60.00  135.00  65.00  6.325240e-02
60.00  135.00  70.00  6.529010e-02
60.00  135.00  75.00  6.571480e-02
60.00  135.00  80.00  6.232380e-02
60.00  135.00  85.00  5.085690e-02
60.00  180.00   0.00  3.707210e-02
60.00  180.00   5.00  3.827290e-02
60.00  180.00  10.00  3.977530e-02
60.00  180.00  15.00  4.155540e-02
60.00  180.00  20.00  4.361030e-02
60.00  180.00  25.00  4.592730e-02
60.00  180.00  30.00  4.849870e-02
60.00  180.00  35.00  5.131750e-02
60.00  180.00  40.00  5.438910e-02
60.00  180.00  45.00  5.769480e-02
60.00  180.00  50.00  6.120740e-02
60.00  180.00  55.00  6.487810e-02
60.00  180.00  60.00  6.858620e-02
60.00  180.00  65.00  7.210030e-02
60.00  180.00  70.00  7.489940e-02
60.00  180.00  75.00  7.585520e-02
60.00  180.00  80.00  7.251710e-02
60.00  180.00  85.00  5.991420e-02
