60.00    0.00   0.00  3.515740e-03
60.00    0.00   5.00  3.464450e-03
60.00    0.00  10.00  3.448420e-03
60.00    0.00  15.00  3.469120e-03
60.00    0.00  20.00  3.532740e-03
60.00    0.00  25.00  3.643400e-03
60.00    0.00  30.00  3.806950e-03
60.00    0.00  35.00  4.034760e-03
60.00    0.00  40.00  4.336440e-03
60.00    0.00  45.00  4.740230e-03
60.00    0.00  50.00  5.263470e-03
60.00    0.00  55.00  5.960550e-03
60.00    0.00  60.00  6.904450e-03
60.00    0.00  65.00  8.213480e-03
60.00    0.00  70.00  1.013110e-02
60.00    0.00  75.00  1.313360e-02
60.00    0.00  80.00  1.841440e-02
60.00    0.00  85.00  2.972310e-02
60.00    0.00  95.00  5.803700e-02
60.00    0.00  100.00  6.549420e-02
60.00    0.00  105.00  6.844730e-02
60.00    0.00  110.00  6.800880e-02
60.00    0.00  115.00  6.587490e-02
60.00    0.00  120.00  6.293550e-02
60.00    0.00  125.00  5.973780e-02
60.00    0.00  130.00  5.653450e-02
60.00    0.00  135.00  5.344150e-02
60.00    0.00  140.00  5.049590e-02
60.00    0.00  145.00  4.775180e-02
60.00    0.00  150.00  4.522630e-02
60.00    0.00  155.00  4.291410e-02
60.00    0.00  160.00  4.084470e-02
60.00    0.00  165.00  3.900890e-02
60.00    0.00  170.00  3.741320e-02
60.00    0.00  175.00  3.609230e-02
60.00    0.00  180.00  3.504560e-02
60.00   45.00   0.00  3.516320e-03
60.00   45.00   5.00  3.483370e-03
60.00   45.00  10.00  3.477920e-03
60.00   45.00  15.00  3.506640e-03
60.00   45.00  20.00  3.567890e-03
60.00   45.00  25.00  3.673770e-03
60.00   45.00  30.00  3.826290e-03
60.00   45.00  35.00  4.027350e-03
60.00   45.00  40.00  4.299160e-03
60.00   45.00  45.00  4.657890e-03
60.00   45.00  50.00  5.127490e-03
60.00   45.00  55.00  5.758320e-03
60.00   45.00  60.00  6.607260e-03
60.00   45.00  65.00  7.786530e-03
60.00   45.00  70.00  9.514790e-03
60.00   45.00  75.00  1.224130e-02
60.00   45.00  80.00  1.705210e-02
60.00   45.00  85.00  2.735410e-02
60.00   45.00  95.00  5.291700e-02
60.00   45.00  100.00  5.920320e-02
60.00   45.00  105.00  6.152140e-02
60.00   45.00  110.00  6.100550e-02
60.00   45.00  115.00  5.907820e-02
60.00   45.00  120.00  5.659920e-02
60.00   45.00  125.00  5.394500e-02
60.00   45.00  130.00  5.134880e-02
60.00   45.00  135.00  4.889520e-02
60.00   45.00  140.00  4.657890e-02
60.00   45.00  145.00  4.447320e-02
60.00   45.00  150.00  4.254910e-02
60.00   45.00  155.00  4.080450e-02
60.00   45.00  160.00  3.926190e-02
60.00   45.00  165.00  3.790070e-02
60.00   45.00  170.00  3.676200e-02
60.00   45.00  175.00  3.579540e-02
60.00   45.00  180.00  3.504470e-02
60.00   90.00   0.00  3.513290e-03
60.00   90.00   5.00  3.527540e-03
60.00   90.00  10.00  3.564130e-03
60.00   90.00  15.00  3.624270e-03
60.00   90.00  20.00  3.720330e-03
60.00   90.00  25.00  3.842420e-03
60.00   90.00  30.00  4.002220e-03
60.00   90.00  35.00  4.211560e-03
60.00   90.00  40.00  4.471380e-03
60.00   90.00  45.00  4.810670e-03
60.00   90.00  50.00  5.240870e-03
60.00   90.00  55.00  5.809860e-03
60.00   90.00  60.00  6.569240e-03
60.00   90.00  65.00  7.634990e-03
60.00   90.00  70.00  9.182290e-03
60.00   90.00  75.00  1.161480e-02
60.00   90.00  80.00  1.592040e-02
60.00   90.00  85.00  2.516550e-02
60.00   90.00  95.00  4.735080e-02
60.00   90.00  100.00  5.199200e-02
60.00   90.00  105.00  5.314180e-02
60.00   90.00  110.00  5.206730e-02
60.00   90.00  115.00  5.003940e-02
60.00   90.00  120.00  4.777060e-02
60.00   90.00  125.00  4.557000e-02
60.00   90.00  130.00  4.355010e-02
60.00   90.00  135.00  4.177140e-02
60.00   90.00  140.00  4.023610e-02
60.00   90.00  145.00  3.893200e-02
60.00   90.00  150.00  3.784890e-02
60.00   90.00  155.00  3.695170e-02
60.00   90.00  160.00  3.625120e-02
60.00   90.00  165.00  3.570940e-02
60.00   90.00  170.00  3.533840e-02
60.00   90.00  175.00  3.511870e-02
60.00   90.00  180.00  3.503330e-02
60.00  135.00   0.00  3.515870e-03
60.00  135.00   5.00  3.576290e-03
60.00  135.00  10.00  3.671450e-03
60.00  135.00  15.00  3.796510e-03
60.00  135.00  20.00  3.953970e-03
60.00  135.00  25.00  4.143730e-03
60.00  135.00  30.00  4.380800e-03
60.00  135.00  35.00  4.660970e-03
60.00  135.00  40.00  5.008560e-03
60.00  135.00  45.00  5.435890e-03
60.00  135.00  50.00  5.968980e-03
60.00  135.00  55.00  6.641580e-03
60.00  135.00  60.00  7.531140e-03
60.00  135.00  65.00  8.735230e-03
60.00  135.00  70.00  1.047530e-02
60.00  135.00  75.00  1.318380e-02
60.00  135.00  80.00  1.793220e-02
60.00  135.00  85.00  2.803580e-02
60.00  135.00  95.00  5.154330e-02
60.00  135.00  100.00  5.603320e-02
60.00  135.00  105.00  5.649940e-02
60.00  135.00  110.00  5.442460e-02
60.00  135.00  115.00  5.135440e-02
60.00  135.00  120.00  4.812440e-02
60.00  135.00  125.00  4.508300e-02
60.00  135.00  130.00  4.241120e-02
60.00  135.00  135.00  4.012700e-02
60.00  135.00  140.00  3.825640e-02
60.00  135.00  145.00  3.675880e-02
60.00  135.00  150.00  3.563200e-02
60.00  135.00  155.00  3.484370e-02
60.00  135.00  160.00  3.434800e-02
60.00  135.00  165.00  3.414440e-02
60.00  135.00  170.00  3.420030e-02
60.00  135.00  175.00  3.450800e-02
60.00  135.00  180.00  3.504350e-02
60.00  180.00   0.00  3.516010e-03
60.00  180.00   5.00  3.603310e-03
60.00  180.00  10.00  3.722090e-03
60.00  180.00  15.00  3.879900e-03
60.00  180.00  20.00  4.073740e-03
60.00  180.00  25.00  4.308910e-03
60.00  180.00  30.00  4.591430e-03
60.00  180.00  35.00  4.932350e-03
60.00  180.00  40.00  5.339950e-03
60.00  180.00  45.00  5.836170e-03
60.00  180.00  50.00  6.446450e-03
60.00  180.00  55.00  7.216270e-03
60.00  180.00  60.00  8.214910e-03
60.00  180.00  65.00  9.558110e-03
60.00  180.00  70.00  1.148880e-02
60.00  180.00  75.00  1.447320e-02
60.00  180.00  80.00  1.967290e-02
60.00  180.00  85.00  3.070260e-02
60.00  180.00  95.00  5.610190e-02
60.00  180.00  100.00  6.098830e-02
60.00  180.00  105.00  6.131700e-02
60.00  180.00  110.00  5.871320e-02
60.00  180.00  115.00  5.493510e-02
60.00  180.00  120.00  5.095520e-02
60.00  180.00  125.00  4.720930e-02
60.00  180.00  130.00  4.388890e-02
60.00  180.00  135.00  4.105200e-02
60.00  180.00  140.00  3.871760e-02
60.00  180.00  145.00  3.685880e-02
60.00  180.00  150.00  3.544430e-02
60.00  180.00  155.00  3.447370e-02
60.00  180.00  160.00  3.388930e-02
60.00  180.00  165.00  3.368610e-02
60.00  180.00  170.00  3.381260e-02
60.00  180.00  175.00  3.427040e-02
60.00  180.00  180.00  3.503790e-02
