60.00    0.00  95.00  4.809260e-02
60.00    0.00  100.00  5.637190e-02
60.00    0.00  105.00  6.102750e-02
60.00    0.00  110.00  6.235630e-02
60.00    0.00  115.00  6.163860e-02
60.00    0.00  120.00  5.982000e-02
60.00    0.00  125.00  5.748000e-02
60.00    0.00  130.00  5.490950e-02
60.00    0.00  135.00  5.228930e-02
60.00    0.00  140.00  4.971890e-02
60.00    0.00  145.00  4.725150e-02
60.00    0.00  150.00  4.493170e-02
60.00    0.00  155.00  4.278200e-02
60.00    0.00  160.00  4.083720e-02
60.00    0.00  165.00  3.909540e-02
60.00    0.00  170.00  3.756450e-02
60.00    0.00  175.00  3.627880e-02
60.00    0.00  180.00  3.525270e-02
60.00   45.00  95.00  4.385530e-02
60.00   45.00  100.00  5.108770e-02
60.00   45.00  105.00  5.502620e-02
60.00   45.00  110.00  5.608520e-02
60.00   45.00  115.00  5.545970e-02
60.00   45.00  120.00  5.393770e-02
60.00   45.00  125.00  5.203740e-02
60.00   45.00  130.00  4.998630e-02
60.00   45.00  135.00  4.793440e-02
60.00   45.00  140.00  4.594410e-02
60.00   45.00  145.00  4.407520e-02
60.00   45.00  150.00  4.232430e-02
60.00   45.00  155.00  4.073090e-02
60.00   45.00  160.00  3.928470e-02
60.00   45.00  165.00  3.800810e-02
60.00   45.00  170.00  3.690440e-02
60.00   45.00  175.00  3.598810e-02
60.00   45.00  180.00  3.525850e-02
60.00   90.00  95.00  3.931590e-02
60.00   90.00  100.00  4.503670e-02
60.00   90.00  105.00  4.775490e-02
60.00   90.00  110.00  4.809560e-02
60.00   90.00  115.00  4.719990e-02
60.00   90.00  120.00  4.574940e-02
60.00   90.00  125.00  4.413910e-02
60.00   90.00  130.00  4.257090e-02
60.00   90.00  135.00  4.111510e-02
60.00   90.00  140.00  3.982960e-02
60.00   90.00  145.00  3.871280e-02
60.00   90.00  150.00  3.775700e-02
60.00   90.00  155.00  3.697480e-02
60.00   90.00  160.00  3.634360e-02
60.00   90.00  165.00  3.586020e-02
60.00   90.00  170.00  3.551850e-02
60.00   90.00  175.00  3.532640e-02
60.00   90.00  180.00  3.525100e-02
60.00  135.00  95.00  4.274250e-02
60.00  135.00  100.00  4.841350e-02
60.00  135.00  105.00  5.065260e-02
60.00  135.00  110.00  5.018670e-02
60.00  135.00  115.00  4.837660e-02
60.00  135.00  120.00  4.605650e-02
60.00  135.00  125.00  4.369340e-02
60.00  135.00  130.00  4.148650e-02
60.00  135.00  135.00  3.954410e-02
60.00  135.00  140.00  3.791250e-02
60.00  135.00  145.00  3.659730e-02
60.00  135.00  150.00  3.561010e-02
60.00  135.00  155.00  3.490500e-02
60.00  135.00  160.00  3.448760e-02
60.00  135.00  165.00  3.432360e-02
60.00  135.00  170.00  3.440930e-02
60.00  135.00  175.00  3.472800e-02
60.00  135.00  180.00  3.525150e-02
60.00  180.00  95.00  4.646490e-02
60.00  180.00  100.00  5.257480e-02
60.00  180.00  105.00  5.481580e-02
60.00  180.00  110.00  5.402140e-02
60.00  180.00  115.00  5.162960e-02
60.00  180.00  120.00  4.868580e-02
60.00  180.00  125.00  4.567560e-02
60.00  180.00  130.00  4.288190e-02
60.00  180.00  135.00  4.042030e-02
60.00  180.00  140.00  3.835660e-02
60.00  180.00  145.00  3.668960e-02
60.00  180.00  150.00  3.543520e-02
60.00  180.00  155.00  3.455800e-02
60.00  180.00  160.00  3.403110e-02
60.00  180.00  165.00  3.386680e-02
60.00  180.00  170.00  3.402920e-02
60.00  180.00  175.00  3.448780e-02
60.00  180.00  180.00  3.525420e-02
