30.00    0.00   0.00  6.532310e-02
30.00    0.00   5.00  6.515200e-02
30.00    0.00  10.00  6.504420e-02
30.00    0.00  15.00  6.496240e-02
30.00    0.00  20.00  6.488580e-02
30.00    0.00  25.00  6.483930e-02
30.00    0.00  30.00  6.485090e-02
30.00    0.00  35.00  6.490650e-02
30.00    0.00  40.00  6.501740e-02
30.00    0.00  45.00  6.522880e-02
30.00    0.00  50.00  6.553480e-02
30.00    0.00  55.00  6.605390e-02
30.00    0.00  60.00  6.677850e-02
30.00    0.00  65.00  6.788890e-02
30.00    0.00  70.00  6.959020e-02
30.00    0.00  75.00  7.246620e-02
30.00    0.00  80.00  7.768210e-02
30.00    0.00  85.00  8.867250e-02
30.00    0.00  95.00  1.184270e-01
30.00    0.00  100.00  1.249940e-01
30.00    0.00  105.00  1.242300e-01
30.00    0.00  110.00  1.204080e-01
30.00    0.00  115.00  1.160860e-01
30.00    0.00  120.00  1.126850e-01
30.00    0.00  125.00  1.110720e-01
30.00    0.00  130.00  1.127590e-01
30.00    0.00  135.00  1.226220e-01
30.00    0.00  140.00  1.624280e-01
30.00    0.00  145.00  3.881160e-01
30.00    0.00  150.00  2.472430e+00
30.00    0.00  155.00  3.594270e-01
30.00    0.00  160.00  1.393830e-01
30.00    0.00  165.00  9.762520e-02
30.00    0.00  170.00  8.322560e-02
30.00    0.00  175.00  7.595370e-02
30.00    0.00  180.00  7.135670e-02
30.00   45.00   0.00  6.533890e-02
30.00   45.00   5.00  6.522470e-02
30.00   45.00  10.00  6.512290e-02
30.00   45.00  15.00  6.507410e-02
30.00   45.00  20.00  6.501030e-02
30.00   45.00  25.00  6.496660e-02
30.00   45.00  30.00  6.500360e-02
30.00   45.00  35.00  6.505300e-02
30.00   45.00  40.00  6.515920e-02
30.00   45.00  45.00  6.537070e-02
30.00   45.00  50.00  6.564970e-02
30.00   45.00  55.00  6.607350e-02
30.00   45.00  60.00  6.669020e-02
30.00   45.00  65.00  6.767590e-02
30.00   45.00  70.00  6.911790e-02
30.00   45.00  75.00  7.159130e-02
30.00   45.00  80.00  7.608300e-02
30.00   45.00  85.00  8.550940e-02
30.00   45.00  95.00  1.116730e-01
30.00   45.00  100.00  1.169220e-01
30.00   45.00  105.00  1.152920e-01
30.00   45.00  110.00  1.106430e-01
30.00   45.00  115.00  1.054760e-01
30.00   45.00  120.00  1.007650e-01
30.00   45.00  125.00  9.684480e-02
30.00   45.00  130.00  9.376590e-02
30.00   45.00  135.00  9.151500e-02
30.00   45.00  140.00  9.001790e-02
30.00   45.00  145.00  8.908200e-02
30.00   45.00  150.00  8.837510e-02
30.00   45.00  155.00  8.720770e-02
30.00   45.00  160.00  8.493210e-02
30.00   45.00  165.00  8.157620e-02
30.00   45.00  170.00  7.781750e-02
30.00   45.00  175.00  7.431840e-02
30.00   45.00  180.00  7.135990e-02
30.00   90.00   0.00  6.531930e-02
30.00   90.00   5.00  6.531460e-02
30.00   90.00  10.00  6.533330e-02
30.00   90.00  15.00  6.536780e-02
30.00   90.00  20.00  6.540350e-02
30.00   90.00  25.00  6.545100e-02
30.00   90.00  30.00  6.552160e-02
30.00   90.00  35.00  6.563690e-02
30.00   90.00  40.00  6.577850e-02
30.00   90.00  45.00  6.598220e-02
30.00   90.00  50.00  6.623830e-02
30.00   90.00  55.00  6.662600e-02
30.00   90.00  60.00  6.716250e-02
30.00   90.00  65.00  6.796000e-02
30.00   90.00  70.00  6.918670e-02
30.00   90.00  75.00  7.117300e-02
30.00   90.00  80.00  7.478270e-02
30.00   90.00  85.00  8.235550e-02
30.00   90.00  95.00  1.039720e-01
30.00   90.00  100.00  1.071910e-01
30.00   90.00  105.00  1.040000e-01
30.00   90.00  110.00  9.830500e-02
30.00   90.00  115.00  9.242010e-02
30.00   90.00  120.00  8.717620e-02
30.00   90.00  125.00  8.281010e-02
30.00   90.00  130.00  7.931310e-02
30.00   90.00  135.00  7.655250e-02
30.00   90.00  140.00  7.445320e-02
30.00   90.00  145.00  7.294530e-02
30.00   90.00  150.00  7.192200e-02
30.00   90.00  155.00  7.129330e-02
30.00   90.00  160.00  7.103220e-02
30.00   90.00  165.00  7.100510e-02
30.00   90.00  170.00  7.113040e-02
30.00   90.00  175.00  7.130060e-02
30.00   90.00  180.00  7.135700e-02
30.00  135.00   0.00  6.531720e-02
30.00  135.00   5.00  6.541350e-02
30.00  135.00  10.00  6.555310e-02
30.00  135.00  15.00  6.569980e-02
30.00  135.00  20.00  6.584450e-02
30.00  135.00  25.00  6.600010e-02
30.00  135.00  30.00  6.621690e-02
30.00  135.00  35.00  6.640010e-02
30.00  135.00  40.00  6.667600e-02
30.00  135.00  45.00  6.695310e-02
30.00  135.00  50.00  6.733010e-02
30.00  135.00  55.00  6.782720e-02
30.00  135.00  60.00  6.842260e-02
30.00  135.00  65.00  6.933990e-02
30.00  135.00  70.00  7.062610e-02
30.00  135.00  75.00  7.272010e-02
30.00  135.00  80.00  7.642200e-02
30.00  135.00  85.00  8.403060e-02
30.00  135.00  95.00  1.047520e-01
30.00  135.00  100.00  1.066530e-01
30.00  135.00  105.00  1.019740e-01
30.00  135.00  110.00  9.484130e-02
30.00  135.00  115.00  8.780940e-02
30.00  135.00  120.00  8.169360e-02
30.00  135.00  125.00  7.667600e-02
30.00  135.00  130.00  7.271040e-02
30.00  135.00  135.00  6.968060e-02
30.00  135.00  140.00  6.747580e-02
30.00  135.00  145.00  6.599660e-02
30.00  135.00  150.00  6.516070e-02
30.00  135.00  155.00  6.489800e-02
30.00  135.00  160.00  6.516150e-02
30.00  135.00  165.00  6.593080e-02
30.00  135.00  170.00  6.719220e-02
30.00  135.00  175.00  6.899320e-02
30.00  135.00  180.00  7.136170e-02
30.00  180.00   0.00  6.528600e-02
30.00  180.00   5.00  6.547500e-02
30.00  180.00  10.00  6.565210e-02
30.00  180.00  15.00  6.585360e-02
30.00  180.00  20.00  6.608270e-02
30.00  180.00  25.00  6.634890e-02
30.00  180.00  30.00  6.662050e-02
30.00  180.00  35.00  6.687840e-02
30.00  180.00  40.00  6.713360e-02
30.00  180.00  45.00  6.748830e-02
30.00  180.00  50.00  6.794590e-02
30.00  180.00  55.00  6.850470e-02
30.00  180.00  60.00  6.923610e-02
30.00  180.00  65.00  7.020550e-02
30.00  180.00  70.00  7.165860e-02
30.00  180.00  75.00  7.388270e-02
30.00  180.00  80.00  7.786040e-02
30.00  180.00  85.00  8.599590e-02
30.00  180.00  95.00  1.072360e-01
30.00  180.00  100.00  1.087790e-01
30.00  180.00  105.00  1.033950e-01
30.00  180.00  110.00  9.553160e-02
30.00  180.00  115.00  8.779420e-02
30.00  180.00  120.00  8.111230e-02
30.00  180.00  125.00  7.560310e-02
30.00  180.00  130.00  7.129690e-02
30.00  180.00  135.00  6.801360e-02
30.00  180.00  140.00  6.562790e-02
30.00  180.00  145.00  6.406180e-02
30.00  180.00  150.00  6.320600e-02
30.00  180.00  155.00  6.296020e-02
30.00  180.00  160.00  6.336070e-02
30.00  180.00  165.00  6.433180e-02
30.00  180.00  170.00  6.589440e-02
30.00  180.00  175.00  6.817590e-02
30.00  180.00  180.00  7.135460e-02
