30.00    0.00  95.00  1.072150e-01
30.00    0.00  100.00  1.168610e-01
30.00    0.00  105.00  1.205430e-01
30.00    0.00  110.00  1.203490e-01
30.00    0.00  115.00  1.189360e-01
30.00    0.00  120.00  1.179790e-01
30.00    0.00  125.00  1.186180e-01
30.00    0.00  130.00  1.232120e-01
30.00    0.00  135.00  1.383650e-01
30.00    0.00  140.00  1.930530e-01
30.00    0.00  145.00  4.926860e-01
30.00    0.00  150.00  3.225500e+00
30.00    0.00  155.00  4.581500e-01
30.00    0.00  160.00  1.670830e-01
30.00    0.00  165.00  1.117740e-01
30.00    0.00  170.00  9.297840e-02
30.00    0.00  175.00  8.366660e-02
30.00    0.00  180.00  7.791560e-02
30.00   45.00  95.00  1.006170e-01
30.00   45.00  100.00  1.086580e-01
30.00   45.00  105.00  1.111060e-01
30.00   45.00  110.00  1.097460e-01
30.00   45.00  115.00  1.069550e-01
30.00   45.00  120.00  1.039390e-01
30.00   45.00  125.00  1.013160e-01
30.00   45.00  130.00  9.929390e-02
30.00   45.00  135.00  9.803640e-02
30.00   45.00  140.00  9.744370e-02
30.00   45.00  145.00  9.740900e-02
30.00   45.00  150.00  9.745790e-02
30.00   45.00  155.00  9.676850e-02
30.00   45.00  160.00  9.440260e-02
30.00   45.00  165.00  9.047800e-02
30.00   45.00  170.00  8.592890e-02
30.00   45.00  175.00  8.162270e-02
30.00   45.00  180.00  7.793130e-02
30.00   90.00  95.00  9.301760e-02
30.00   90.00  100.00  9.904080e-02
30.00   90.00  105.00  9.965240e-02
30.00   90.00  110.00  9.691720e-02
30.00   90.00  115.00  9.305870e-02
30.00   90.00  120.00  8.914760e-02
30.00   90.00  125.00  8.570680e-02
30.00   90.00  130.00  8.284550e-02
30.00   90.00  135.00  8.058240e-02
30.00   90.00  140.00  7.888610e-02
30.00   90.00  145.00  7.772530e-02
30.00   90.00  150.00  7.704610e-02
30.00   90.00  155.00  7.677200e-02
30.00   90.00  160.00  7.681090e-02
30.00   90.00  165.00  7.708050e-02
30.00   90.00  170.00  7.747960e-02
30.00   90.00  175.00  7.781010e-02
30.00   90.00  180.00  7.792320e-02
30.00  135.00  95.00  9.298580e-02
30.00  135.00  100.00  9.803450e-02
30.00  135.00  105.00  9.733370e-02
30.00  135.00  110.00  9.324830e-02
30.00  135.00  115.00  8.820990e-02
30.00  135.00  120.00  8.335610e-02
30.00  135.00  125.00  7.917850e-02
30.00  135.00  130.00  7.577510e-02
30.00  135.00  135.00  7.310870e-02
30.00  135.00  140.00  7.120260e-02
30.00  135.00  145.00  6.997310e-02
30.00  135.00  150.00  6.939190e-02
30.00  135.00  155.00  6.939640e-02
30.00  135.00  160.00  6.991610e-02
30.00  135.00  165.00  7.100530e-02
30.00  135.00  170.00  7.267870e-02
30.00  135.00  175.00  7.495350e-02
30.00  135.00  180.00  7.791840e-02
30.00  180.00  95.00  9.485760e-02
30.00  180.00  100.00  9.970310e-02
30.00  180.00  105.00  9.848330e-02
30.00  180.00  110.00  9.376210e-02
30.00  180.00  115.00  8.809780e-02
30.00  180.00  120.00  8.270790e-02
30.00  180.00  125.00  7.802840e-02
30.00  180.00  130.00  7.424210e-02
30.00  180.00  135.00  7.130370e-02
30.00  180.00  140.00  6.920690e-02
30.00  180.00  145.00  6.786570e-02
30.00  180.00  150.00  6.721960e-02
30.00  180.00  155.00  6.723840e-02
30.00  180.00  160.00  6.786510e-02
30.00  180.00  165.00  6.915400e-02
30.00  180.00  170.00  7.113790e-02
30.00  180.00  175.00  7.395250e-02
30.00  180.00  180.00  7.792800e-02
