30.00    0.00   0.00  1.016700e-01
30.00    0.00   5.00  1.002100e-01
30.00    0.00  10.00  9.891880e-02
30.00    0.00  15.00  9.781210e-02
30.00    0.00  20.00  9.690870e-02
30.00    0.00  25.00  9.622860e-02
30.00    0.00  30.00  9.589150e-02
30.00    0.00  35.00  9.587040e-02
30.00    0.00  40.00  9.633500e-02
30.00    0.00  45.00  9.727680e-02
30.00    0.00  50.00  9.888010e-02
30.00    0.00  55.00  1.012540e-01
30.00    0.00  60.00  1.045350e-01
30.00    0.00  65.00  1.088750e-01
30.00    0.00  70.00  1.144350e-01
30.00    0.00  75.00  1.210460e-01
30.00    0.00  80.00  1.277110e-01
30.00    0.00  85.00  1.316490e-01
30.00   45.00   0.00  1.016620e-01
30.00   45.00   5.00  1.006510e-01
30.00   45.00  10.00  9.971930e-02
30.00   45.00  15.00  9.890550e-02
30.00   45.00  20.00  9.825410e-02
30.00   45.00  25.00  9.781460e-02
30.00   45.00  30.00  9.755800e-02
30.00   45.00  35.00  9.761000e-02
30.00   45.00  40.00  9.801350e-02
30.00   45.00  45.00  9.882450e-02
30.00   45.00  50.00  1.001170e-01
30.00   45.00  55.00  1.020670e-01
30.00   45.00  60.00  1.047670e-01
30.00   45.00  65.00  1.084120e-01
30.00   45.00  70.00  1.129600e-01
30.00   45.00  75.00  1.183460e-01
30.00   45.00  80.00  1.236430e-01
30.00   45.00  85.00  1.260300e-01
30.00   90.00   0.00  1.016660e-01
30.00   90.00   5.00  1.016660e-01
30.00   90.00  10.00  1.017300e-01
30.00   90.00  15.00  1.018620e-01
30.00   90.00  20.00  1.020320e-01
30.00   90.00  25.00  1.022910e-01
30.00   90.00  30.00  1.026400e-01
30.00   90.00  35.00  1.031620e-01
30.00   90.00  40.00  1.038590e-01
30.00   90.00  45.00  1.048260e-01
30.00   90.00  50.00  1.060570e-01
30.00   90.00  55.00  1.076980e-01
30.00   90.00  60.00  1.098250e-01
30.00   90.00  65.00  1.124560e-01
30.00   90.00  70.00  1.156800e-01
30.00   90.00  75.00  1.192550e-01
30.00   90.00  80.00  1.222980e-01
30.00   90.00  85.00  1.219490e-01
30.00  135.00   0.00  1.016560e-01
30.00  135.00   5.00  1.027530e-01
30.00  135.00  10.00  1.039140e-01
30.00  135.00  15.00  1.051610e-01
30.00  135.00  20.00  1.064370e-01
30.00  135.00  25.00  1.077860e-01
30.00  135.00  30.00  1.091990e-01
30.00  135.00  35.00  1.107290e-01
30.00  135.00  40.00  1.123200e-01
30.00  135.00  45.00  1.141330e-01
30.00  135.00  50.00  1.160970e-01
30.00  135.00  55.00  1.183780e-01
30.00  135.00  60.00  1.209710e-01
30.00  135.00  65.00  1.238710e-01
30.00  135.00  70.00  1.271160e-01
30.00  135.00  75.00  1.304070e-01
30.00  135.00  80.00  1.326770e-01
30.00  135.00  85.00  1.308600e-01
30.00  180.00   0.00  1.016580e-01
30.00  180.00   5.00  1.032030e-01
30.00  180.00  10.00  1.048860e-01
30.00  180.00  15.00  1.066410e-01
30.00  180.00  20.00  1.084680e-01
30.00  180.00  25.00  1.104740e-01
30.00  180.00  30.00  1.125830e-01
30.00  180.00  35.00  1.145220e-01
30.00  180.00  40.00  1.166540e-01
30.00  180.00  45.00  1.190040e-01
30.00  180.00  50.00  1.215130e-01
30.00  180.00  55.00  1.243200e-01
30.00  180.00  60.00  1.273760e-01
30.00  180.00  65.00  1.307600e-01
30.00  180.00  70.00  1.344140e-01
30.00  180.00  75.00  1.380210e-01
30.00  180.00  80.00  1.403540e-01
30.00  180.00  85.00  1.383400e-01
