60.00    0.00  95.00  9.758260e-02
60.00    0.00  100.00  8.073570e-02
60.00    0.00  105.00  6.629590e-02
60.00    0.00  110.00  5.592580e-02
60.00    0.00  115.00  4.832110e-02
60.00    0.00  120.00  4.247970e-02
60.00    0.00  125.00  3.785620e-02
60.00    0.00  130.00  3.406330e-02
60.00    0.00  135.00  3.089260e-02
60.00    0.00  140.00  2.817170e-02
60.00    0.00  145.00  2.583810e-02
60.00    0.00  150.00  2.380040e-02
60.00    0.00  155.00  2.200310e-02
60.00    0.00  160.00  2.044130e-02
60.00    0.00  165.00  1.908660e-02
60.00    0.00  170.00  1.791830e-02
60.00    0.00  175.00  1.693950e-02
60.00    0.00  180.00  1.615450e-02
60.00   45.00  95.00  8.164690e-02
60.00   45.00  100.00  6.736560e-02
60.00   45.00  105.00  5.536210e-02
60.00   45.00  110.00  4.684820e-02
60.00   45.00  115.00  4.065400e-02
60.00   45.00  120.00  3.599530e-02
60.00   45.00  125.00  3.232920e-02
60.00   45.00  130.00  2.938830e-02
60.00   45.00  135.00  2.695200e-02
60.00   45.00  140.00  2.490630e-02
60.00   45.00  145.00  2.315820e-02
60.00   45.00  150.00  2.165720e-02
60.00   45.00  155.00  2.035490e-02
60.00   45.00  160.00  1.922410e-02
60.00   45.00  165.00  1.824160e-02
60.00   45.00  170.00  1.740680e-02
60.00   45.00  175.00  1.671460e-02
60.00   45.00  180.00  1.615490e-02
60.00   90.00  95.00  6.447320e-02
60.00   90.00  100.00  5.205370e-02
60.00   90.00  105.00  4.208010e-02
60.00   90.00  110.00  3.524110e-02
60.00   90.00  115.00  3.042890e-02
60.00   90.00  120.00  2.692540e-02
60.00   90.00  125.00  2.433720e-02
60.00   90.00  130.00  2.234470e-02
60.00   90.00  135.00  2.080400e-02
60.00   90.00  140.00  1.960780e-02
60.00   90.00  145.00  1.865030e-02
60.00   90.00  150.00  1.790660e-02
60.00   90.00  155.00  1.732340e-02
60.00   90.00  160.00  1.688450e-02
60.00   90.00  165.00  1.655470e-02
60.00   90.00  170.00  1.632480e-02
60.00   90.00  175.00  1.619490e-02
60.00   90.00  180.00  1.615530e-02
60.00  135.00  95.00  7.740830e-02
60.00  135.00  100.00  6.062730e-02
60.00  135.00  105.00  4.740730e-02
60.00  135.00  110.00  3.830600e-02
60.00  135.00  115.00  3.192060e-02
60.00  135.00  120.00  2.728870e-02
60.00  135.00  125.00  2.387790e-02
60.00  135.00  130.00  2.131880e-02
60.00  135.00  135.00  1.938290e-02
60.00  135.00  140.00  1.794310e-02
60.00  135.00  145.00  1.688740e-02
60.00  135.00  150.00  1.614600e-02
60.00  135.00  155.00  1.567010e-02
60.00  135.00  160.00  1.541150e-02
60.00  135.00  165.00  1.534820e-02
60.00  135.00  170.00  1.546800e-02
60.00  135.00  175.00  1.573440e-02
60.00  135.00  180.00  1.615360e-02
60.00  180.00  95.00  9.162870e-02
60.00  180.00  100.00  7.116740e-02
60.00  180.00  105.00  5.504310e-02
60.00  180.00  110.00  4.386630e-02
60.00  180.00  115.00  3.594800e-02
60.00  180.00  120.00  3.019640e-02
60.00  180.00  125.00  2.590310e-02
60.00  180.00  130.00  2.265130e-02
60.00  180.00  135.00  2.018200e-02
60.00  180.00  140.00  1.832930e-02
60.00  180.00  145.00  1.696110e-02
60.00  180.00  150.00  1.599960e-02
60.00  180.00  155.00  1.538050e-02
60.00  180.00  160.00  1.505230e-02
60.00  180.00  165.00  1.499170e-02
60.00  180.00  170.00  1.516690e-02
60.00  180.00  175.00  1.556210e-02
60.00  180.00  180.00  1.615800e-02
