60.00    0.00   0.00  1.692960e-03
60.00    0.00   5.00  1.630890e-03
60.00    0.00  10.00  1.592170e-03
60.00    0.00  15.00  1.576820e-03
60.00    0.00  20.00  1.589770e-03
60.00    0.00  25.00  1.628230e-03
60.00    0.00  30.00  1.701430e-03
60.00    0.00  35.00  1.815660e-03
60.00    0.00  40.00  1.976710e-03
60.00    0.00  45.00  2.199130e-03
60.00    0.00  50.00  2.497740e-03
60.00    0.00  55.00  2.908760e-03
60.00    0.00  60.00  3.470040e-03
60.00    0.00  65.00  4.277420e-03
60.00    0.00  70.00  5.491510e-03
60.00    0.00  75.00  7.499530e-03
60.00    0.00  80.00  1.139750e-02
60.00    0.00  85.00  2.203930e-02
60.00    0.00  95.00  9.884050e-02
60.00    0.00  100.00  7.830790e-02
60.00    0.00  105.00  6.306030e-02
60.00    0.00  110.00  5.265880e-02
60.00    0.00  115.00  4.516520e-02
60.00    0.00  120.00  3.954710e-02
60.00    0.00  125.00  3.512050e-02
60.00    0.00  130.00  3.151980e-02
60.00    0.00  135.00  2.853540e-02
60.00    0.00  140.00  2.598810e-02
60.00    0.00  145.00  2.379680e-02
60.00    0.00  150.00  2.189240e-02
60.00    0.00  155.00  2.023350e-02
60.00    0.00  160.00  1.878710e-02
60.00    0.00  165.00  1.752700e-02
60.00    0.00  170.00  1.645260e-02
60.00    0.00  175.00  1.555590e-02
60.00    0.00  180.00  1.482980e-02
60.00   45.00   0.00  1.691650e-03
60.00   45.00   5.00  1.649510e-03
60.00   45.00  10.00  1.623280e-03
60.00   45.00  15.00  1.613570e-03
60.00   45.00  20.00  1.625160e-03
60.00   45.00  25.00  1.658730e-03
60.00   45.00  30.00  1.717660e-03
60.00   45.00  35.00  1.808410e-03
60.00   45.00  40.00  1.934900e-03
60.00   45.00  45.00  2.112260e-03
60.00   45.00  50.00  2.350130e-03
60.00   45.00  55.00  2.681570e-03
60.00   45.00  60.00  3.141740e-03
60.00   45.00  65.00  3.801250e-03
60.00   45.00  70.00  4.799980e-03
60.00   45.00  75.00  6.459760e-03
60.00   45.00  80.00  9.701730e-03
60.00   45.00  85.00  1.862980e-02
60.00   45.00  95.00  8.268570e-02
60.00   45.00  100.00  6.536520e-02
60.00   45.00  105.00  5.266690e-02
60.00   45.00  110.00  4.408060e-02
60.00   45.00  115.00  3.799750e-02
60.00   45.00  120.00  3.347930e-02
60.00   45.00  125.00  2.998970e-02
60.00   45.00  130.00  2.718740e-02
60.00   45.00  135.00  2.488740e-02
60.00   45.00  140.00  2.296470e-02
60.00   45.00  145.00  2.133770e-02
60.00   45.00  150.00  1.993480e-02
60.00   45.00  155.00  1.871650e-02
60.00   45.00  160.00  1.766250e-02
60.00   45.00  165.00  1.675970e-02
60.00   45.00  170.00  1.598460e-02
60.00   45.00  175.00  1.534590e-02
60.00   45.00  180.00  1.483110e-02
60.00   90.00   0.00  1.691220e-03
60.00   90.00   5.00  1.696980e-03
60.00   90.00  10.00  1.714710e-03
60.00   90.00  15.00  1.739800e-03
60.00   90.00  20.00  1.778820e-03
60.00   90.00  25.00  1.832660e-03
60.00   90.00  30.00  1.902280e-03
60.00   90.00  35.00  1.993500e-03
60.00   90.00  40.00  2.115010e-03
60.00   90.00  45.00  2.266000e-03
60.00   90.00  50.00  2.464890e-03
60.00   90.00  55.00  2.736220e-03
60.00   90.00  60.00  3.100660e-03
60.00   90.00  65.00  3.626380e-03
60.00   90.00  70.00  4.421810e-03
60.00   90.00  75.00  5.745060e-03
60.00   90.00  80.00  8.334000e-03
60.00   90.00  85.00  1.546580e-02
60.00   90.00  95.00  6.528500e-02
60.00   90.00  100.00  5.049040e-02
60.00   90.00  105.00  4.003500e-02
60.00   90.00  110.00  3.315750e-02
60.00   90.00  115.00  2.842720e-02
60.00   90.00  120.00  2.505930e-02
60.00   90.00  125.00  2.255570e-02
60.00   90.00  130.00  2.066390e-02
60.00   90.00  135.00  1.919990e-02
60.00   90.00  140.00  1.806820e-02
60.00   90.00  145.00  1.717700e-02
60.00   90.00  150.00  1.647470e-02
60.00   90.00  155.00  1.592610e-02
60.00   90.00  160.00  1.550690e-02
60.00   90.00  165.00  1.519880e-02
60.00   90.00  170.00  1.499050e-02
60.00   90.00  175.00  1.486400e-02
60.00   90.00  180.00  1.482780e-02
60.00  135.00   0.00  1.692150e-03
60.00  135.00   5.00  1.750160e-03
60.00  135.00  10.00  1.826120e-03
60.00  135.00  15.00  1.913580e-03
60.00  135.00  20.00  2.022270e-03
60.00  135.00  25.00  2.150070e-03
60.00  135.00  30.00  2.297580e-03
60.00  135.00  35.00  2.471840e-03
60.00  135.00  40.00  2.677430e-03
60.00  135.00  45.00  2.928730e-03
60.00  135.00  50.00  3.236520e-03
60.00  135.00  55.00  3.620170e-03
60.00  135.00  60.00  4.135250e-03
60.00  135.00  65.00  4.838240e-03
60.00  135.00  70.00  5.863010e-03
60.00  135.00  75.00  7.550720e-03
60.00  135.00  80.00  1.077890e-02
60.00  135.00  85.00  1.962820e-02
60.00  135.00  95.00  7.843140e-02
60.00  135.00  100.00  5.882740e-02
60.00  135.00  105.00  4.509650e-02
60.00  135.00  110.00  3.604420e-02
60.00  135.00  115.00  2.981560e-02
60.00  135.00  120.00  2.538970e-02
60.00  135.00  125.00  2.214400e-02
60.00  135.00  130.00  1.971900e-02
60.00  135.00  135.00  1.789820e-02
60.00  135.00  140.00  1.653590e-02
60.00  135.00  145.00  1.554780e-02
60.00  135.00  150.00  1.485460e-02
60.00  135.00  155.00  1.439480e-02
60.00  135.00  160.00  1.415780e-02
60.00  135.00  165.00  1.409210e-02
60.00  135.00  170.00  1.419860e-02
60.00  135.00  175.00  1.444370e-02
60.00  135.00  180.00  1.483140e-02
60.00  180.00   0.00  1.692020e-03
60.00  180.00   5.00  1.773940e-03
60.00  180.00  10.00  1.877990e-03
60.00  180.00  15.00  2.002860e-03
60.00  180.00  20.00  2.149880e-03
60.00  180.00  25.00  2.323670e-03
60.00  180.00  30.00  2.521170e-03
60.00  180.00  35.00  2.754310e-03
60.00  180.00  40.00  3.028400e-03
60.00  180.00  45.00  3.353100e-03
60.00  180.00  50.00  3.746730e-03
60.00  180.00  55.00  4.241540e-03
60.00  180.00  60.00  4.878490e-03
60.00  180.00  65.00  5.738640e-03
60.00  180.00  70.00  6.999620e-03
60.00  180.00  75.00  9.030410e-03
60.00  180.00  80.00  1.292420e-02
60.00  180.00  85.00  2.348450e-02
60.00  180.00  95.00  9.277210e-02
60.00  180.00  100.00  6.907260e-02
60.00  180.00  105.00  5.236940e-02
60.00  180.00  110.00  4.128380e-02
60.00  180.00  115.00  3.362300e-02
60.00  180.00  120.00  2.809610e-02
60.00  180.00  125.00  2.402310e-02
60.00  180.00  130.00  2.095060e-02
60.00  180.00  135.00  1.863500e-02
60.00  180.00  140.00  1.689290e-02
60.00  180.00  145.00  1.561670e-02
60.00  180.00  150.00  1.471380e-02
60.00  180.00  155.00  1.413690e-02
60.00  180.00  160.00  1.383080e-02
60.00  180.00  165.00  1.377160e-02
60.00  180.00  170.00  1.392320e-02
60.00  180.00  175.00  1.428500e-02
60.00  180.00  180.00  1.483150e-02
