60.00    0.00   0.00  1.636200e-02
60.00    0.00   5.00  1.575680e-02
60.00    0.00  10.00  1.535910e-02
60.00    0.00  15.00  1.518320e-02
60.00    0.00  20.00  1.525090e-02
60.00    0.00  25.00  1.558170e-02
60.00    0.00  30.00  1.622250e-02
60.00    0.00  35.00  1.721240e-02
60.00    0.00  40.00  1.861960e-02
60.00    0.00  45.00  2.052920e-02
60.00    0.00  50.00  2.307270e-02
60.00    0.00  55.00  2.645230e-02
60.00    0.00  60.00  3.094320e-02
60.00    0.00  65.00  3.703560e-02
60.00    0.00  70.00  4.550080e-02
60.00    0.00  75.00  5.776290e-02
60.00    0.00  80.00  7.645840e-02
60.00    0.00  85.00  1.047760e-01
60.00   45.00   0.00  1.635570e-02
60.00   45.00   5.00  1.592950e-02
60.00   45.00  10.00  1.566050e-02
60.00   45.00  15.00  1.554690e-02
60.00   45.00  20.00  1.561050e-02
60.00   45.00  25.00  1.587740e-02
60.00   45.00  30.00  1.637150e-02
60.00   45.00  35.00  1.713250e-02
60.00   45.00  40.00  1.822300e-02
60.00   45.00  45.00  1.971180e-02
60.00   45.00  50.00  2.170970e-02
60.00   45.00  55.00  2.436970e-02
60.00   45.00  60.00  2.795300e-02
60.00   45.00  65.00  3.282060e-02
60.00   45.00  70.00  3.967210e-02
60.00   45.00  75.00  4.964560e-02
60.00   45.00  80.00  6.495400e-02
60.00   45.00  85.00  8.808740e-02
60.00   90.00   0.00  1.635900e-02
60.00   90.00   5.00  1.640460e-02
60.00   90.00  10.00  1.653770e-02
60.00   90.00  15.00  1.677070e-02
60.00   90.00  20.00  1.710710e-02
60.00   90.00  25.00  1.756740e-02
60.00   90.00  30.00  1.816280e-02
60.00   90.00  35.00  1.893500e-02
60.00   90.00  40.00  1.991870e-02
60.00   90.00  45.00  2.116000e-02
60.00   90.00  50.00  2.276620e-02
60.00   90.00  55.00  2.484050e-02
60.00   90.00  60.00  2.757450e-02
60.00   90.00  65.00  3.128510e-02
60.00   90.00  70.00  3.646150e-02
60.00   90.00  75.00  4.402810e-02
60.00   90.00  80.00  5.556060e-02
60.00   90.00  85.00  7.282620e-02
60.00  135.00   0.00  1.635640e-02
60.00  135.00   5.00  1.692710e-02
60.00  135.00  10.00  1.764140e-02
60.00  135.00  15.00  1.848320e-02
60.00  135.00  20.00  1.948480e-02
60.00  135.00  25.00  2.064060e-02
60.00  135.00  30.00  2.198410e-02
60.00  135.00  35.00  2.353040e-02
60.00  135.00  40.00  2.533820e-02
60.00  135.00  45.00  2.746040e-02
60.00  135.00  50.00  2.998490e-02
60.00  135.00  55.00  3.306410e-02
60.00  135.00  60.00  3.690870e-02
60.00  135.00  65.00  4.189720e-02
60.00  135.00  70.00  4.860210e-02
60.00  135.00  75.00  5.810330e-02
60.00  135.00  80.00  7.230740e-02
60.00  135.00  85.00  9.308540e-02
60.00  180.00   0.00  1.635980e-02
60.00  180.00   5.00  1.715350e-02
60.00  180.00  10.00  1.814910e-02
60.00  180.00  15.00  1.934630e-02
60.00  180.00  20.00  2.072330e-02
60.00  180.00  25.00  2.232560e-02
60.00  180.00  30.00  2.415730e-02
60.00  180.00  35.00  2.625720e-02
60.00  180.00  40.00  2.866640e-02
60.00  180.00  45.00  3.147500e-02
60.00  180.00  50.00  3.477530e-02
60.00  180.00  55.00  3.874780e-02
60.00  180.00  60.00  4.361740e-02
60.00  180.00  65.00  4.985710e-02
60.00  180.00  70.00  5.812530e-02
60.00  180.00  75.00  6.971410e-02
60.00  180.00  80.00  8.686980e-02
60.00  180.00  85.00  1.118370e-01
